<?xml version="1.0" encoding="UTF-8"?>
<testsuite name="org.sarang.attend.web.dto.PostsResponseDtoTest" tests="1" skipped="0" failures="0" errors="0" timestamp="2020-02-23T07:09:26" hostname="D-rollingfew" time="0.028">
  <properties/>
  <testcase name="canCreatePostsResponseDto" classname="org.sarang.attend.web.dto.PostsResponseDtoTest" time="0.028"/>
  <system-out><![CDATA[]]></system-out>
  <system-err><![CDATA[]]></system-err>
</testsuite>
