<?xml version="1.0" encoding="UTF-8"?>
<testsuite name="org.sarang.attend.web.ProfileControllerUnitTest" tests="1" skipped="0" failures="0" errors="0" timestamp="2020-02-15T00:34:53" hostname="DESKTOP-OHS76KA" time="0.189">
  <properties/>
  <testcase name="active_profile이_없으면_default가_조회된다" classname="org.sarang.attend.web.ProfileControllerUnitTest" time="0.189"/>
  <system-out><![CDATA[]]></system-out>
  <system-err><![CDATA[]]></system-err>
</testsuite>
