<?xml version="1.0" encoding="UTF-8"?>
<testsuite name="org.sarang.attend.web.IndexControllerTest" tests="1" skipped="0" failures="0" errors="0" timestamp="2020-02-05T23:50:46" hostname="Rollingfew-PC" time="0.229">
  <properties/>
  <testcase name="메인페이지_로딩" classname="org.sarang.attend.web.IndexControllerTest" time="0.229"/>
  <system-out><![CDATA[2020-02-06 08:50:46.124  INFO 6504 --- [    Test worker] .b.t.c.SpringBootTestContextBootstrapper : Neither @ContextConfiguration nor @ContextHierarchy found for test class [org.sarang.attend.web.IndexControllerTest], using SpringBootContextLoader
2020-02-06 08:50:46.126  INFO 6504 --- [    Test worker] o.s.t.c.support.AbstractContextLoader    : Could not detect default resource locations for test class [org.sarang.attend.web.IndexControllerTest]: no resource found for suffixes {-context.xml, Context.groovy}.
2020-02-06 08:50:46.127  INFO 6504 --- [    Test worker] t.c.s.AnnotationConfigContextLoaderUtils : Could not detect default configuration classes for test class [org.sarang.attend.web.IndexControllerTest]: IndexControllerTest does not declare any static, non-private, non-final, nested classes annotated with @Configuration.
2020-02-06 08:50:46.129  INFO 6504 --- [    Test worker] .b.t.c.SpringBootTestContextBootstrapper : Found @SpringBootConfiguration org.sarang.attend.Application for test class org.sarang.attend.web.IndexControllerTest
2020-02-06 08:50:46.131  INFO 6504 --- [    Test worker] .b.t.c.SpringBootTestContextBootstrapper : Loaded default TestExecutionListener class names from location [META-INF/spring.factories]: [org.springframework.security.test.context.support.WithSecurityContextTestExecutionListener, org.springframework.security.test.context.support.ReactorContextTestExecutionListener, org.springframework.boot.test.autoconfigure.restdocs.RestDocsTestExecutionListener, org.springframework.boot.test.autoconfigure.web.client.MockRestServiceServerResetTestExecutionListener, org.springframework.boot.test.autoconfigure.web.servlet.MockMvcPrintOnlyOnFailureTestExecutionListener, org.springframework.boot.test.autoconfigure.web.servlet.WebDriverTestExecutionListener, org.springframework.boot.test.mock.mockito.MockitoTestExecutionListener, org.springframework.boot.test.mock.mockito.ResetMocksTestExecutionListener, org.springframework.test.context.web.ServletTestExecutionListener, org.springframework.test.context.support.DirtiesContextBeforeModesTestExecutionListener, org.springframework.test.context.support.DependencyInjectionTestExecutionListener, org.springframework.test.context.support.DirtiesContextTestExecutionListener, org.springframework.test.context.transaction.TransactionalTestExecutionListener, org.springframework.test.context.jdbc.SqlScriptsTestExecutionListener]
2020-02-06 08:50:46.132  INFO 6504 --- [    Test worker] .b.t.c.SpringBootTestContextBootstrapper : Using TestExecutionListeners: [org.springframework.test.context.web.ServletTestExecutionListener@53df8e82, org.springframework.test.context.support.DirtiesContextBeforeModesTestExecutionListener@6b96e0e7, org.springframework.boot.test.mock.mockito.MockitoTestExecutionListener@54f5aff1, org.springframework.boot.test.autoconfigure.SpringBootDependencyInjectionTestExecutionListener@6d5ac719, org.springframework.test.context.support.DirtiesContextTestExecutionListener@425effae, org.springframework.test.context.transaction.TransactionalTestExecutionListener@1e93aeda, org.springframework.test.context.jdbc.SqlScriptsTestExecutionListener@676010de, org.springframework.security.test.context.support.WithSecurityContextTestExecutionListener@5cb96124, org.springframework.security.test.context.support.ReactorContextTestExecutionListener@692f4692, org.springframework.boot.test.autoconfigure.restdocs.RestDocsTestExecutionListener@6ac9d013, org.springframework.boot.test.autoconfigure.web.client.MockRestServiceServerResetTestExecutionListener@dc8db74, org.springframework.boot.test.autoconfigure.web.servlet.MockMvcPrintOnlyOnFailureTestExecutionListener@1aef3ba8, org.springframework.boot.test.autoconfigure.web.servlet.WebDriverTestExecutionListener@9e7f5b1, org.springframework.boot.test.mock.mockito.ResetMocksTestExecutionListener@2d8af5d6]
2020-02-06 08:50:46.265  INFO 6504 --- [o-auto-1-exec-1] o.a.c.c.C.[Tomcat].[localhost].[/]       : Initializing Spring DispatcherServlet 'dispatcherServlet'
2020-02-06 08:50:46.265  INFO 6504 --- [o-auto-1-exec-1] o.s.web.servlet.DispatcherServlet        : Initializing Servlet 'dispatcherServlet'
2020-02-06 08:50:46.270  INFO 6504 --- [o-auto-1-exec-1] o.s.web.servlet.DispatcherServlet        : Completed initialization in 5 ms
Hibernate: select posts0_.id as id1_0_, posts0_.created_date as created_2_0_, posts0_.modified_date as modified3_0_, posts0_.author as author4_0_, posts0_.content as content5_0_, posts0_.title as title6_0_ from posts posts0_ order by posts0_.id DESC
]]></system-out>
  <system-err><![CDATA[]]></system-err>
</testsuite>
