<?xml version="1.0" encoding="UTF-8"?>
<testsuite name="org.sarang.attend.web.ProfileControllerUnitTest" tests="1" skipped="0" failures="0" errors="0" timestamp="2020-02-14T23:17:54" hostname="DESKTOP-OHS76KA" time="0.19">
  <properties/>
  <testcase name="active_profile이_없으면_default가_조회된다" classname="org.sarang.attend.web.ProfileControllerUnitTest" time="0.19"/>
  <system-out><![CDATA[]]></system-out>
  <system-err><![CDATA[]]></system-err>
</testsuite>
