<?xml version="1.0" encoding="UTF-8"?>
<testsuite name="org.sarang.attend.domain.posts.PostsRepositoryTest" tests="2" skipped="0" failures="0" errors="0" timestamp="2020-02-05T23:50:40" hostname="Rollingfew-PC" time="0.419">
  <properties/>
  <testcase name="게시글저장_불러오기" classname="org.sarang.attend.domain.posts.PostsRepositoryTest" time="0.4"/>
  <testcase name="BaseTimeEntity_등록" classname="org.sarang.attend.domain.posts.PostsRepositoryTest" time="0.017"/>
  <system-out><![CDATA[08:50:30.334 [Test worker] DEBUG org.springframework.test.context.junit4.SpringJUnit4ClassRunner - SpringJUnit4ClassRunner constructor called with [class org.sarang.attend.domain.posts.PostsRepositoryTest]
08:50:30.346 [Test worker] DEBUG org.springframework.test.context.BootstrapUtils - Instantiating CacheAwareContextLoaderDelegate from class [org.springframework.test.context.cache.DefaultCacheAwareContextLoaderDelegate]
08:50:30.360 [Test worker] DEBUG org.springframework.test.context.BootstrapUtils - Instantiating BootstrapContext using constructor [public org.springframework.test.context.support.DefaultBootstrapContext(java.lang.Class,org.springframework.test.context.CacheAwareContextLoaderDelegate)]
08:50:30.393 [Test worker] DEBUG org.springframework.test.context.BootstrapUtils - Instantiating TestContextBootstrapper for test class [org.sarang.attend.domain.posts.PostsRepositoryTest] from class [org.springframework.boot.test.context.SpringBootTestContextBootstrapper]
08:50:30.421 [Test worker] INFO org.springframework.boot.test.context.SpringBootTestContextBootstrapper - Neither @ContextConfiguration nor @ContextHierarchy found for test class [org.sarang.attend.domain.posts.PostsRepositoryTest], using SpringBootContextLoader
08:50:30.428 [Test worker] DEBUG org.springframework.test.context.support.AbstractContextLoader - Did not detect default resource location for test class [org.sarang.attend.domain.posts.PostsRepositoryTest]: class path resource [org/sarang/attend/domain/posts/PostsRepositoryTest-context.xml] does not exist
08:50:30.430 [Test worker] DEBUG org.springframework.test.context.support.AbstractContextLoader - Did not detect default resource location for test class [org.sarang.attend.domain.posts.PostsRepositoryTest]: class path resource [org/sarang/attend/domain/posts/PostsRepositoryTestContext.groovy] does not exist
08:50:30.431 [Test worker] INFO org.springframework.test.context.support.AbstractContextLoader - Could not detect default resource locations for test class [org.sarang.attend.domain.posts.PostsRepositoryTest]: no resource found for suffixes {-context.xml, Context.groovy}.
08:50:30.435 [Test worker] INFO org.springframework.test.context.support.AnnotationConfigContextLoaderUtils - Could not detect default configuration classes for test class [org.sarang.attend.domain.posts.PostsRepositoryTest]: PostsRepositoryTest does not declare any static, non-private, non-final, nested classes annotated with @Configuration.
08:50:30.517 [Test worker] DEBUG org.springframework.test.context.support.ActiveProfilesUtils - Could not find an 'annotation declaring class' for annotation type [org.springframework.test.context.ActiveProfiles] and class [org.sarang.attend.domain.posts.PostsRepositoryTest]
08:50:30.676 [Test worker] DEBUG org.springframework.context.annotation.ClassPathScanningCandidateComponentProvider - Identified candidate component class: file [C:\Users\rollingfew\IdeaProjects\attendance-management-service\build\classes\java\test\org\sarang\attend\Application.class]
08:50:30.693 [Test worker] DEBUG org.springframework.context.annotation.ClassPathScanningCandidateComponentProvider - Identified candidate component class: file [C:\Users\rollingfew\IdeaProjects\attendance-management-service\build\classes\java\main\org\sarang\attend\Application.class]
08:50:30.695 [Test worker] INFO org.springframework.boot.test.context.SpringBootTestContextBootstrapper - Found @SpringBootConfiguration org.sarang.attend.Application for test class org.sarang.attend.domain.posts.PostsRepositoryTest
08:50:30.851 [Test worker] DEBUG org.springframework.boot.test.context.SpringBootTestContextBootstrapper - @TestExecutionListeners is not present for class [org.sarang.attend.domain.posts.PostsRepositoryTest]: using defaults.
08:50:30.853 [Test worker] INFO org.springframework.boot.test.context.SpringBootTestContextBootstrapper - Loaded default TestExecutionListener class names from location [META-INF/spring.factories]: [org.springframework.security.test.context.support.WithSecurityContextTestExecutionListener, org.springframework.security.test.context.support.ReactorContextTestExecutionListener, org.springframework.boot.test.autoconfigure.restdocs.RestDocsTestExecutionListener, org.springframework.boot.test.autoconfigure.web.client.MockRestServiceServerResetTestExecutionListener, org.springframework.boot.test.autoconfigure.web.servlet.MockMvcPrintOnlyOnFailureTestExecutionListener, org.springframework.boot.test.autoconfigure.web.servlet.WebDriverTestExecutionListener, org.springframework.boot.test.mock.mockito.MockitoTestExecutionListener, org.springframework.boot.test.mock.mockito.ResetMocksTestExecutionListener, org.springframework.test.context.web.ServletTestExecutionListener, org.springframework.test.context.support.DirtiesContextBeforeModesTestExecutionListener, org.springframework.test.context.support.DependencyInjectionTestExecutionListener, org.springframework.test.context.support.DirtiesContextTestExecutionListener, org.springframework.test.context.transaction.TransactionalTestExecutionListener, org.springframework.test.context.jdbc.SqlScriptsTestExecutionListener]
08:50:30.912 [Test worker] INFO org.springframework.boot.test.context.SpringBootTestContextBootstrapper - Using TestExecutionListeners: [org.springframework.test.context.web.ServletTestExecutionListener@53c9ac4b, org.springframework.test.context.support.DirtiesContextBeforeModesTestExecutionListener@1dfd0d72, org.springframework.boot.test.mock.mockito.MockitoTestExecutionListener@41cf11ea, org.springframework.boot.test.autoconfigure.SpringBootDependencyInjectionTestExecutionListener@3059714b, org.springframework.test.context.support.DirtiesContextTestExecutionListener@2eec28ff, org.springframework.test.context.transaction.TransactionalTestExecutionListener@5b8f26cd, org.springframework.test.context.jdbc.SqlScriptsTestExecutionListener@62763c17, org.springframework.security.test.context.support.WithSecurityContextTestExecutionListener@195eca3b, org.springframework.security.test.context.support.ReactorContextTestExecutionListener@56baa23f, org.springframework.boot.test.autoconfigure.restdocs.RestDocsTestExecutionListener@74a14f6b, org.springframework.boot.test.autoconfigure.web.client.MockRestServiceServerResetTestExecutionListener@27e4536c, org.springframework.boot.test.autoconfigure.web.servlet.MockMvcPrintOnlyOnFailureTestExecutionListener@48845ab9, org.springframework.boot.test.autoconfigure.web.servlet.WebDriverTestExecutionListener@4b2cb2cc, org.springframework.boot.test.mock.mockito.ResetMocksTestExecutionListener@358866d5]
08:50:30.917 [Test worker] DEBUG org.springframework.test.annotation.ProfileValueUtils - Retrieved @ProfileValueSourceConfiguration [null] for test class [org.sarang.attend.domain.posts.PostsRepositoryTest]
08:50:30.918 [Test worker] DEBUG org.springframework.test.annotation.ProfileValueUtils - Retrieved ProfileValueSource type [class org.springframework.test.annotation.SystemProfileValueSource] for class [org.sarang.attend.domain.posts.PostsRepositoryTest]
08:50:30.919 [Test worker] DEBUG org.springframework.test.annotation.ProfileValueUtils - Retrieved @ProfileValueSourceConfiguration [null] for test class [org.sarang.attend.domain.posts.PostsRepositoryTest]
08:50:30.919 [Test worker] DEBUG org.springframework.test.annotation.ProfileValueUtils - Retrieved ProfileValueSource type [class org.springframework.test.annotation.SystemProfileValueSource] for class [org.sarang.attend.domain.posts.PostsRepositoryTest]
08:50:30.927 [Test worker] DEBUG org.springframework.test.context.support.AbstractDirtiesContextTestExecutionListener - Before test class: context [DefaultTestContext@6c02ed91 testClass = PostsRepositoryTest, testInstance = [null], testMethod = [null], testException = [null], mergedContextConfiguration = [WebMergedContextConfiguration@4daab515 testClass = PostsRepositoryTest, locations = '{}', classes = '{class org.sarang.attend.Application}', contextInitializerClasses = '[]', activeProfiles = '{}', propertySourceLocations = '{}', propertySourceProperties = '{org.springframework.boot.test.context.SpringBootTestContextBootstrapper=true}', contextCustomizers = set[org.springframework.boot.test.autoconfigure.properties.PropertyMappingContextCustomizer@0, org.springframework.boot.test.autoconfigure.web.servlet.WebDriverContextCustomizerFactory$Customizer@1cd6378a, org.springframework.boot.test.context.filter.ExcludeFilterContextCustomizer@4c7cfaad, org.springframework.boot.test.json.DuplicateJsonObjectContextCustomizerFactory$DuplicateJsonObjectContextCustomizer@5e00f65b, org.springframework.boot.test.mock.mockito.MockitoContextCustomizer@0, org.springframework.boot.test.web.client.TestRestTemplateContextCustomizer@3a803676], resourceBasePath = 'src/main/webapp', contextLoader = 'org.springframework.boot.test.context.SpringBootContextLoader', parent = [null]], attributes = map['org.springframework.test.context.web.ServletTestExecutionListener.activateListener' -> true]], class annotated with @DirtiesContext [false] with mode [null].
08:50:30.929 [Test worker] DEBUG org.springframework.test.annotation.ProfileValueUtils - Retrieved @ProfileValueSourceConfiguration [null] for test class [org.sarang.attend.domain.posts.PostsRepositoryTest]
08:50:30.929 [Test worker] DEBUG org.springframework.test.annotation.ProfileValueUtils - Retrieved ProfileValueSource type [class org.springframework.test.annotation.SystemProfileValueSource] for class [org.sarang.attend.domain.posts.PostsRepositoryTest]
08:50:30.960 [Test worker] DEBUG org.springframework.test.context.support.TestPropertySourceUtils - Adding inlined properties to environment: {spring.jmx.enabled=false, org.springframework.boot.test.context.SpringBootTestContextBootstrapper=true, server.port=-1}

  .   ____          _            __ _ _
 /\\ / ___'_ __ _ _(_)_ __  __ _ \ \ \ \
( ( )\___ | '_ | '_| | '_ \/ _` | \ \ \ \
 \\/  ___)| |_)| | | | | || (_| |  ) ) ) )
  '  |____| .__|_| |_|_| |_\__, | / / / /
 =========|_|==============|___/=/_/_/_/
 :: Spring Boot ::        (v2.1.7.RELEASE)

2020-02-06 08:50:31.344  INFO 6504 --- [    Test worker] o.s.a.domain.posts.PostsRepositoryTest   : Starting PostsRepositoryTest on Rollingfew-PC with PID 6504 (started by rollingfew in C:\Users\rollingfew\IdeaProjects\attendance-management-service)
2020-02-06 08:50:31.346  INFO 6504 --- [    Test worker] o.s.a.domain.posts.PostsRepositoryTest   : No active profile set, falling back to default profiles: default
2020-02-06 08:50:33.105  INFO 6504 --- [    Test worker] .s.d.r.c.RepositoryConfigurationDelegate : Bootstrapping Spring Data repositories in DEFAULT mode.
2020-02-06 08:50:33.246  INFO 6504 --- [    Test worker] .s.d.r.c.RepositoryConfigurationDelegate : Finished Spring Data repository scanning in 125ms. Found 2 repository interfaces.
2020-02-06 08:50:34.071  INFO 6504 --- [    Test worker] trationDelegate$BeanPostProcessorChecker : Bean 'org.springframework.transaction.annotation.ProxyTransactionManagementConfiguration' of type [org.springframework.transaction.annotation.ProxyTransactionManagementConfiguration$$EnhancerBySpringCGLIB$$76de48a7] is not eligible for getting processed by all BeanPostProcessors (for example: not eligible for auto-proxying)
2020-02-06 08:50:34.476  INFO 6504 --- [    Test worker] com.zaxxer.hikari.HikariDataSource       : HikariPool-1 - Starting...
2020-02-06 08:50:34.702  INFO 6504 --- [    Test worker] com.zaxxer.hikari.HikariDataSource       : HikariPool-1 - Start completed.
2020-02-06 08:50:34.847  INFO 6504 --- [    Test worker] o.hibernate.jpa.internal.util.LogHelper  : HHH000204: Processing PersistenceUnitInfo [
	name: default
	...]
2020-02-06 08:50:34.968  INFO 6504 --- [    Test worker] org.hibernate.Version                    : HHH000412: Hibernate Core {5.3.10.Final}
2020-02-06 08:50:34.971  INFO 6504 --- [    Test worker] org.hibernate.cfg.Environment            : HHH000206: hibernate.properties not found
2020-02-06 08:50:35.226  INFO 6504 --- [    Test worker] o.hibernate.annotations.common.Version   : HCANN000001: Hibernate Commons Annotations {5.0.4.Final}
2020-02-06 08:50:35.484  INFO 6504 --- [    Test worker] org.hibernate.dialect.Dialect            : HHH000400: Using dialect: org.hibernate.dialect.MySQL5InnoDBDialect
Hibernate: drop table if exists posts
Hibernate: drop table if exists user
Hibernate: create table posts (id bigint not null auto_increment, created_date datetime, modified_date datetime, author varchar(255), content TEXT not null, title varchar(500) not null, primary key (id)) engine=InnoDB
Hibernate: create table user (id bigint not null auto_increment, created_date datetime, modified_date datetime, email varchar(255) not null, name varchar(255) not null, picture varchar(255), role varchar(255) not null, primary key (id)) engine=InnoDB
2020-02-06 08:50:36.485  INFO 6504 --- [    Test worker] o.h.t.schema.internal.SchemaCreatorImpl  : HHH000476: Executing import script 'org.hibernate.tool.schema.internal.exec.ScriptSourceInputNonExistentImpl@544cbd17'
2020-02-06 08:50:36.491  INFO 6504 --- [    Test worker] j.LocalContainerEntityManagerFactoryBean : Initialized JPA EntityManagerFactory for persistence unit 'default'
2020-02-06 08:50:37.441  INFO 6504 --- [    Test worker] o.h.h.i.QueryTranslatorFactoryInitiator  : HHH000397: Using ASTQueryTranslatorFactory
2020-02-06 08:50:38.371  INFO 6504 --- [    Test worker] o.s.s.web.DefaultSecurityFilterChain     : Creating filter chain: any request, [org.springframework.security.web.context.request.async.WebAsyncManagerIntegrationFilter@42aa18cb, org.springframework.security.web.context.SecurityContextPersistenceFilter@7735bc8f, org.springframework.security.web.header.HeaderWriterFilter@67534ca4, org.springframework.security.web.authentication.logout.LogoutFilter@61dd842d, org.springframework.security.oauth2.client.web.OAuth2AuthorizationRequestRedirectFilter@4f25e269, org.springframework.security.oauth2.client.web.OAuth2LoginAuthenticationFilter@1278dd5, org.springframework.security.web.authentication.ui.DefaultLoginPageGeneratingFilter@a6ece1b, org.springframework.security.web.authentication.ui.DefaultLogoutPageGeneratingFilter@252f4c46, org.springframework.security.web.savedrequest.RequestCacheAwareFilter@4d042125, org.springframework.security.web.servletapi.SecurityContextHolderAwareRequestFilter@5084179d, org.springframework.security.web.authentication.AnonymousAuthenticationFilter@1a5bed1d, org.springframework.security.web.session.SessionManagementFilter@788e945f, org.springframework.security.web.access.ExceptionTranslationFilter@17f1ee44, org.springframework.security.web.access.intercept.FilterSecurityInterceptor@64c1e7c0]
2020-02-06 08:50:39.320  INFO 6504 --- [    Test worker] o.s.s.concurrent.ThreadPoolTaskExecutor  : Initializing ExecutorService 'applicationTaskExecutor'
2020-02-06 08:50:39.426  WARN 6504 --- [    Test worker] aWebConfiguration$JpaWebMvcConfiguration : spring.jpa.open-in-view is enabled by default. Therefore, database queries may be performed during view rendering. Explicitly configure spring.jpa.open-in-view to disable this warning
2020-02-06 08:50:39.511  INFO 6504 --- [    Test worker] o.s.b.a.w.s.WelcomePageHandlerMapping    : Adding welcome page template: index
2020-02-06 08:50:40.389  INFO 6504 --- [    Test worker] s.a.ScheduledAnnotationBeanPostProcessor : No TaskScheduler/ScheduledExecutorService bean found for scheduled processing
2020-02-06 08:50:40.405  INFO 6504 --- [    Test worker] o.s.a.domain.posts.PostsRepositoryTest   : Started PostsRepositoryTest in 9.435 seconds (JVM running for 11.014)
Hibernate: insert into posts (created_date, modified_date, author, content, title) values (?, ?, ?, ?, ?)
Hibernate: select posts0_.id as id1_0_, posts0_.created_date as created_2_0_, posts0_.modified_date as modified3_0_, posts0_.author as author4_0_, posts0_.content as content5_0_, posts0_.title as title6_0_ from posts posts0_
Hibernate: select posts0_.id as id1_0_, posts0_.created_date as created_2_0_, posts0_.modified_date as modified3_0_, posts0_.author as author4_0_, posts0_.content as content5_0_, posts0_.title as title6_0_ from posts posts0_
Hibernate: delete from posts where id=?
Hibernate: insert into posts (created_date, modified_date, author, content, title) values (?, ?, ?, ?, ?)
Hibernate: select posts0_.id as id1_0_, posts0_.created_date as created_2_0_, posts0_.modified_date as modified3_0_, posts0_.author as author4_0_, posts0_.content as content5_0_, posts0_.title as title6_0_ from posts posts0_
Title: Conquest of paradise
>>>>>>>>> createDate=2020-02-06T08:50:40.842, modifiedDate=2020-02-06T08:50:40.842
Hibernate: select posts0_.id as id1_0_, posts0_.created_date as created_2_0_, posts0_.modified_date as modified3_0_, posts0_.author as author4_0_, posts0_.content as content5_0_, posts0_.title as title6_0_ from posts posts0_
Hibernate: delete from posts where id=?
]]></system-out>
  <system-err><![CDATA[]]></system-err>
</testsuite>
