<?xml version="1.0" encoding="UTF-8"?>
<testsuite name="org.sarang.attend.web.HelloControllerTest" tests="2" skipped="0" failures="0" errors="0" timestamp="2020-02-05T23:50:46" hostname="Rollingfew-PC" time="0.082">
  <properties/>
  <testcase name="hello가_리턴된다" classname="org.sarang.attend.web.HelloControllerTest" time="0.025"/>
  <testcase name="helloDto가_리턴된다" classname="org.sarang.attend.web.HelloControllerTest" time="0.056"/>
  <system-out><![CDATA[2020-02-06 08:50:44.683  INFO 6504 --- [    Test worker] .b.t.a.w.s.WebMvcTestContextBootstrapper : Neither @ContextConfiguration nor @ContextHierarchy found for test class [org.sarang.attend.web.HelloControllerTest], using SpringBootContextLoader
2020-02-06 08:50:44.685  INFO 6504 --- [    Test worker] o.s.t.c.support.AbstractContextLoader    : Could not detect default resource locations for test class [org.sarang.attend.web.HelloControllerTest]: no resource found for suffixes {-context.xml, Context.groovy}.
2020-02-06 08:50:44.686  INFO 6504 --- [    Test worker] t.c.s.AnnotationConfigContextLoaderUtils : Could not detect default configuration classes for test class [org.sarang.attend.web.HelloControllerTest]: HelloControllerTest does not declare any static, non-private, non-final, nested classes annotated with @Configuration.
2020-02-06 08:50:44.725  INFO 6504 --- [    Test worker] .b.t.c.SpringBootTestContextBootstrapper : Found @SpringBootConfiguration org.sarang.attend.Application for test class org.sarang.attend.web.HelloControllerTest
2020-02-06 08:50:44.728  INFO 6504 --- [    Test worker] .b.t.a.w.s.WebMvcTestContextBootstrapper : Loaded default TestExecutionListener class names from location [META-INF/spring.factories]: [org.springframework.security.test.context.support.WithSecurityContextTestExecutionListener, org.springframework.security.test.context.support.ReactorContextTestExecutionListener, org.springframework.boot.test.autoconfigure.restdocs.RestDocsTestExecutionListener, org.springframework.boot.test.autoconfigure.web.client.MockRestServiceServerResetTestExecutionListener, org.springframework.boot.test.autoconfigure.web.servlet.MockMvcPrintOnlyOnFailureTestExecutionListener, org.springframework.boot.test.autoconfigure.web.servlet.WebDriverTestExecutionListener, org.springframework.boot.test.mock.mockito.MockitoTestExecutionListener, org.springframework.boot.test.mock.mockito.ResetMocksTestExecutionListener, org.springframework.test.context.web.ServletTestExecutionListener, org.springframework.test.context.support.DirtiesContextBeforeModesTestExecutionListener, org.springframework.test.context.support.DependencyInjectionTestExecutionListener, org.springframework.test.context.support.DirtiesContextTestExecutionListener, org.springframework.test.context.transaction.TransactionalTestExecutionListener, org.springframework.test.context.jdbc.SqlScriptsTestExecutionListener]
2020-02-06 08:50:44.730  INFO 6504 --- [    Test worker] .b.t.a.w.s.WebMvcTestContextBootstrapper : Using TestExecutionListeners: [org.springframework.test.context.web.ServletTestExecutionListener@6ae4d6a6, org.springframework.test.context.support.DirtiesContextBeforeModesTestExecutionListener@1cae11ae, org.springframework.boot.test.mock.mockito.MockitoTestExecutionListener@548d89ff, org.springframework.boot.test.autoconfigure.SpringBootDependencyInjectionTestExecutionListener@15ea26f, org.springframework.test.context.support.DirtiesContextTestExecutionListener@4dc31504, org.springframework.test.context.transaction.TransactionalTestExecutionListener@210c4e73, org.springframework.test.context.jdbc.SqlScriptsTestExecutionListener@1976f9dc, org.springframework.security.test.context.support.WithSecurityContextTestExecutionListener@6dcf7d47, org.springframework.security.test.context.support.ReactorContextTestExecutionListener@38712ecf, org.springframework.boot.test.autoconfigure.restdocs.RestDocsTestExecutionListener@7b4d9064, org.springframework.boot.test.autoconfigure.web.client.MockRestServiceServerResetTestExecutionListener@55db2ec8, org.springframework.boot.test.autoconfigure.web.servlet.MockMvcPrintOnlyOnFailureTestExecutionListener@43e85471, org.springframework.boot.test.autoconfigure.web.servlet.WebDriverTestExecutionListener@72de1d95, org.springframework.boot.test.mock.mockito.ResetMocksTestExecutionListener@65877d1a]

  .   ____          _            __ _ _
 /\\ / ___'_ __ _ _(_)_ __  __ _ \ \ \ \
( ( )\___ | '_ | '_| | '_ \/ _` | \ \ \ \
 \\/  ___)| |_)| | | | | || (_| |  ) ) ) )
  '  |____| .__|_| |_|_| |_\__, | / / / /
 =========|_|==============|___/=/_/_/_/
 :: Spring Boot ::        (v2.1.7.RELEASE)

2020-02-06 08:50:44.781  INFO 6504 --- [    Test worker] o.sarang.attend.web.HelloControllerTest  : Starting HelloControllerTest on Rollingfew-PC with PID 6504 (started by rollingfew in C:\Users\rollingfew\IdeaProjects\attendance-management-service)
2020-02-06 08:50:44.782  INFO 6504 --- [    Test worker] o.sarang.attend.web.HelloControllerTest  : No active profile set, falling back to default profiles: default
2020-02-06 08:50:45.378  INFO 6504 --- [    Test worker] o.s.s.concurrent.ThreadPoolTaskExecutor  : Initializing ExecutorService 'applicationTaskExecutor'
2020-02-06 08:50:45.425  INFO 6504 --- [    Test worker] o.s.b.a.w.s.WelcomePageHandlerMapping    : Adding welcome page template: index
2020-02-06 08:50:45.727  INFO 6504 --- [    Test worker] .s.s.UserDetailsServiceAutoConfiguration : 

Using generated security password: 3bd9fa21-cd1e-4a05-aef1-435869129951

2020-02-06 08:50:45.967  INFO 6504 --- [    Test worker] o.s.s.web.DefaultSecurityFilterChain     : Creating filter chain: any request, [org.springframework.security.web.context.request.async.WebAsyncManagerIntegrationFilter@ae19b43, org.springframework.security.web.context.SecurityContextPersistenceFilter@24524932, org.springframework.security.web.header.HeaderWriterFilter@5a6f3124, org.springframework.security.web.csrf.CsrfFilter@2da9284d, org.springframework.security.web.authentication.logout.LogoutFilter@2f0fbba9, org.springframework.security.web.authentication.UsernamePasswordAuthenticationFilter@537d1b11, org.springframework.security.web.authentication.ui.DefaultLoginPageGeneratingFilter@155e16fe, org.springframework.security.web.authentication.ui.DefaultLogoutPageGeneratingFilter@6d5d0434, org.springframework.security.web.authentication.www.BasicAuthenticationFilter@2c5e0182, org.springframework.security.web.savedrequest.RequestCacheAwareFilter@ccabf66, org.springframework.security.web.servletapi.SecurityContextHolderAwareRequestFilter@2f0f59ca, org.springframework.security.web.authentication.AnonymousAuthenticationFilter@31d35a0c, org.springframework.security.web.session.SessionManagementFilter@3e609164, org.springframework.security.web.access.ExceptionTranslationFilter@2920221c, org.springframework.security.web.access.intercept.FilterSecurityInterceptor@42333e4]
2020-02-06 08:50:45.989  INFO 6504 --- [    Test worker] o.s.b.t.m.w.SpringBootMockServletContext : Initializing Spring TestDispatcherServlet ''
2020-02-06 08:50:45.989  INFO 6504 --- [    Test worker] o.s.t.web.servlet.TestDispatcherServlet  : Initializing Servlet ''
2020-02-06 08:50:45.992  INFO 6504 --- [    Test worker] o.s.t.web.servlet.TestDispatcherServlet  : Completed initialization in 3 ms
2020-02-06 08:50:46.036  INFO 6504 --- [    Test worker] o.sarang.attend.web.HelloControllerTest  : Started HelloControllerTest in 1.302 seconds (JVM running for 16.645)
]]></system-out>
  <system-err><![CDATA[]]></system-err>
</testsuite>
